2025-08-27 12:56:51 [info]: 🚀 Contact Service running on port 3003
2025-08-27 12:56:51 [info]: 📊 Health check: http://localhost:3003/health
2025-08-27 12:56:51 [info]: 📚 API docs: http://localhost:3003/api/v1
2025-08-27 12:57:08 [info]: SIGTERM received, shutting down gracefully
2025-08-27 12:57:11 [info]: 🚀 Contact Service running on port 3003
2025-08-27 12:57:11 [info]: 📊 Health check: http://localhost:3003/health
2025-08-27 12:57:11 [info]: 📚 API docs: http://localhost:3003/api/v1
2025-08-27 12:57:37 [info]: SIGTERM received, shutting down gracefully
2025-08-27 12:57:37 [info]: 🚀 Contact Service running on port 3003
2025-08-27 12:57:37 [info]: 📊 Health check: http://localhost:3003/health
2025-08-27 12:57:37 [info]: 📚 API docs: http://localhost:3003/api/v1
2025-08-27 12:58:19 [info]: SIGTERM received, shutting down gracefully
2025-08-27 12:58:19 [info]: 🚀 Contact Service running on port 3003
2025-08-27 12:58:19 [info]: 📊 Health check: http://localhost:3003/health
2025-08-27 12:58:19 [info]: 📚 API docs: http://localhost:3003/api/v1
2025-08-27 14:07:00 [info]: SIGINT received, shutting down gracefully
2025-08-27 14:24:24 [info]: 🚀 Contact Service running on port 3003
2025-08-27 14:24:24 [info]: 📊 Health check: http://localhost:3003/health
2025-08-27 14:24:24 [info]: 📚 API docs: http://localhost:3003/api/v1
2025-08-27 14:25:30 [info]: SIGINT received, shutting down gracefully
2025-08-27 14:25:33 [info]: 🚀 Contact Service running on port 3003
2025-08-27 14:25:33 [info]: 📊 Health check: http://localhost:3003/health
2025-08-27 14:25:33 [info]: 📚 API docs: http://localhost:3003/api/v1
2025-08-27 17:51:37 [error]: Error fetching contact: Contact not found {"statusCode":404,"isOperational":true,"stack":"Error: Contact not found\n    at createError (/home/pushpraj/Code/Marketing/buievo-main/apps/contact-service/src/middleware/error-handler.ts:50:17)\n    at getContact (/home/pushpraj/Code/Marketing/buievo-main/apps/contact-service/src/controllers/contact.controller.ts:36:15)"}
2025-08-27 17:52:42 [info]: 🚀 Contact Service running on port 3003
2025-08-27 17:52:42 [info]: 📊 Health check: http://localhost:3003/health
2025-08-27 17:52:42 [info]: 📚 API docs: http://localhost:3003/api/v1
2025-08-27 17:52:49 [error]: Error fetching contact: Contact not found {"statusCode":404,"isOperational":true,"stack":"Error: Contact not found\n    at createError (/home/pushpraj/Code/Marketing/buievo-main/apps/contact-service/src/middleware/error-handler.ts:50:17)\n    at getContact (/home/pushpraj/Code/Marketing/buievo-main/apps/contact-service/src/controllers/contact.controller.ts:36:15)"}
2025-09-02 15:55:56 [info]: 🚀 Contact Service running on port 3003
2025-09-02 15:55:56 [info]: 📊 Health check: http://localhost:3003/health
2025-09-02 15:55:56 [info]: 📚 API docs: http://localhost:3003/api/v1
2025-09-02 15:56:22 [info]: SIGINT received, shutting down gracefully
2025-09-02 15:56:34 [info]: 🚀 Contact Service running on port 3003
2025-09-02 15:56:34 [info]: 📊 Health check: http://localhost:3003/health
2025-09-02 15:56:34 [info]: 📚 API docs: http://localhost:3003/api/v1
2025-09-02 15:56:53 [info]: SIGINT received, shutting down gracefully
2025-09-02 15:57:53 [info]: 🚀 Contact Service running on port 3003
2025-09-02 15:57:53 [info]: 📊 Health check: http://localhost:3003/health
2025-09-02 15:57:53 [info]: 📚 API docs: http://localhost:3003/api/v1
2025-09-02 15:58:30 [info]: SIGINT received, shutting down gracefully
